Build started 2/2/2015 6:47:12 AM.
     1>Project "C:\Users\Ticklebuns\Desktop\Learning OpenGL - Round 4\root\Libraries\libpng\lpng1616\projects\vstudio\zlib\zlib.vcxproj" on node 2 (Build target(s)).
     1>ClCompile:
         C:\Program Files (x86)\Microsoft Visual Studio 12.0\VC\bin\CL.exe /c /Zi /nologo /W3 /WX /Ox /Oi /Oy- /GL /D WIN32 /D NDEBUG /D _WINDOWS /D Z_SOLO /Gm- /EHsc /MD /GS- /Gy /fp:precise /Zc:wchar_t /Zc:forScope /Fo"Release\\" /Fd"Release\vc120.pdb" /FR"Release\\" /Gd /TC /analyze- /errorReport:prompt "..\..\..\..\..\zlib\zlib-1.2.8\adler32.c" "..\..\..\..\..\zlib\zlib-1.2.8\compress.c" "..\..\..\..\..\zlib\zlib-1.2.8\crc32.c" "..\..\..\..\..\zlib\zlib-1.2.8\deflate.c" "..\..\..\..\..\zlib\zlib-1.2.8\infback.c" "..\..\..\..\..\zlib\zlib-1.2.8\inffast.c" "..\..\..\..\..\zlib\zlib-1.2.8\inflate.c" "..\..\..\..\..\zlib\zlib-1.2.8\inftrees.c" "..\..\..\..\..\zlib\zlib-1.2.8\trees.c" "..\..\..\..\..\zlib\zlib-1.2.8\uncompr.c" "..\..\..\..\..\zlib\zlib-1.2.8\zutil.c"
         adler32.c
         compress.c
         crc32.c
         deflate.c
         infback.c
         inffast.c
         inflate.c
         inftrees.c
         trees.c
         uncompr.c
         zutil.c
       Lib:
         C:\Program Files (x86)\Microsoft Visual Studio 12.0\VC\bin\Lib.exe /OUT:"C:\Users\Ticklebuns\Desktop\Learning OpenGL - Round 4\root\Libraries\libpng\lpng1616\projects\vstudio\Release\zlib.lib" /NOLOGO /LTCG Release\adler32.obj
         Release\compress.obj
         Release\crc32.obj
         Release\deflate.obj
         Release\infback.obj
         Release\inffast.obj
         Release\inflate.obj
         Release\inftrees.obj
         Release\trees.obj
         Release\uncompr.obj
         Release\zutil.obj
         zlib.vcxproj -> C:\Users\Ticklebuns\Desktop\Learning OpenGL - Round 4\root\Libraries\libpng\lpng1616\projects\vstudio\Release\zlib.lib
       BscMake:
         C:\Program Files (x86)\Microsoft Visual Studio 12.0\VC\bin\bscmake.exe /nologo /o"C:\Users\Ticklebuns\Desktop\Learning OpenGL - Round 4\root\Libraries\libpng\lpng1616\projects\vstudio\Release\zlib.bsc" Release\adler32.sbr Release\compress.sbr Release\crc32.sbr Release\deflate.sbr Release\infback.sbr Release\inffast.sbr Release\inflate.sbr Release\inftrees.sbr Release\trees.sbr Release\uncompr.sbr Release\zutil.sbr
     1>Done Building Project "C:\Users\Ticklebuns\Desktop\Learning OpenGL - Round 4\root\Libraries\libpng\lpng1616\projects\vstudio\zlib\zlib.vcxproj" (Build target(s)).

Build succeeded.

Time Elapsed 00:00:02.32
