Build started 2/2/2015 6:47:36 AM.
     1>Project "C:\Users\Ticklebuns\Desktop\Learning OpenGL - Round 4\root\Libraries\libpng\lpng1616\projects\vstudio\pngunknown\pngunknown.vcxproj" on node 3 (Build target(s)).
     1>ClCompile:
         C:\Program Files (x86)\Microsoft Visual Studio 12.0\VC\bin\CL.exe /c /I"..\..\..\..\..\zlib\zlib-1.2.8" /I..\..\..\scripts /Zi /nologo /W4 /WX /Ox /Oi /Oy- /GL /D WIN32 /D NDEBUG /D _CONSOLE /D PNG_USE_DLL /D _UNICODE /D UNICODE /GF /Gm- /EHsc /MD /GS /Gy- /fp:precise /fp:except- /Zc:wchar_t /Zc:forScope /Fo"Release\\" /Fd"Release\vc120.pdb" /FR"Release\\" /Gd /TC /wd4996 /wd4127 /analyze- /errorReport:prompt ..\..\..\contrib\libtests\pngunknown.c
         pngunknown.c
       Link:
         C:\Program Files (x86)\Microsoft Visual Studio 12.0\VC\bin\link.exe /ERRORREPORT:PROMPT /OUT:"C:\Users\Ticklebuns\Desktop\Learning OpenGL - Round 4\root\Libraries\libpng\lpng1616\projects\vstudio\Release\pngunknown.exe" /INCREMENTAL:NO /NOLOGO /LIBPATH:"C:\Users\Ticklebuns\Desktop\Learning OpenGL - Round 4\root\Libraries\libpng\lpng1616\projects\vstudio\Release\\" libpng16.lib /MANIFEST /MANIFESTUAC:"level='asInvoker' uiAccess='false'" /manifest:embed /DEBUG /PDB:"C:\Users\Ticklebuns\Desktop\Learning OpenGL - Round 4\root\Libraries\libpng\lpng1616\projects\vstudio\Release\pngunknown.pdb" /SUBSYSTEM:CONSOLE /OPT:REF /OPT:ICF /LTCG /TLBID:1 /DYNAMICBASE /NXCOMPAT /IMPLIB:"C:\Users\Ticklebuns\Desktop\Learning OpenGL - Round 4\root\Libraries\libpng\lpng1616\projects\vstudio\Release\pngunknown.lib" /MACHINE:X86 /SAFESEH Release\pngunknown.obj
         Generating code
         Finished generating code
         pngunknown.vcxproj -> C:\Users\Ticklebuns\Desktop\Learning OpenGL - Round 4\root\Libraries\libpng\lpng1616\projects\vstudio\Release\pngunknown.exe
       BscMake:
         C:\Program Files (x86)\Microsoft Visual Studio 12.0\VC\bin\bscmake.exe /nologo /o"C:\Users\Ticklebuns\Desktop\Learning OpenGL - Round 4\root\Libraries\libpng\lpng1616\projects\vstudio\Release\pngunknown.bsc" Release\pngunknown.sbr
       CustomBuildStep:
         "C:\Users\Ticklebuns\Desktop\Learning OpenGL - Round 4\root\Libraries\libpng\lpng1616\projects\vstudio\Release\pngunknown.exe" --strict --default --touch "Release\pngunknown.out" ../../../pngtest.png
         :VCEnd
         PASS: C:\Users\Ticklebuns\Desktop\Learning OpenGL - Round 4\root\Libraries\libpng\lpng1616\projects\vstudio\Release\pngunknown.exe discard
         PASS: C:\Users\Ticklebuns\Desktop\Learning OpenGL - Round 4\root\Libraries\libpng\lpng1616\projects\vstudio\Release\pngunknown.exe save
         PASS: C:\Users\Ticklebuns\Desktop\Learning OpenGL - Round 4\root\Libraries\libpng\lpng1616\projects\vstudio\Release\pngunknown.exe if-safe
         PASS: C:\Users\Ticklebuns\Desktop\Learning OpenGL - Round 4\root\Libraries\libpng\lpng1616\projects\vstudio\Release\pngunknown.exe vpAg
         PASS: C:\Users\Ticklebuns\Desktop\Learning OpenGL - Round 4\root\Libraries\libpng\lpng1616\projects\vstudio\Release\pngunknown.exe sTER
         PASS: C:\Users\Ticklebuns\Desktop\Learning OpenGL - Round 4\root\Libraries\libpng\lpng1616\projects\vstudio\Release\pngunknown.exe IDAT
         PASS: C:\Users\Ticklebuns\Desktop\Learning OpenGL - Round 4\root\Libraries\libpng\lpng1616\projects\vstudio\Release\pngunknown.exe sAPI
     1>Done Building Project "C:\Users\Ticklebuns\Desktop\Learning OpenGL - Round 4\root\Libraries\libpng\lpng1616\projects\vstudio\pngunknown\pngunknown.vcxproj" (Build target(s)).

Build succeeded.

Time Elapsed 00:00:01.10
